🚀 开始监控 GitHub Actions 构建状态...
仓库：wjmcool/podcast-player
分支：podcast_test
检查间隔：60 秒
================================

[2026-04-15 15:21:08] 检查构建状态...
================================
📊 构建状态：
  - Run ID: 24441736313
  - Status: completed
  - Conclusion: failure
❌ 构建失败，尝试修复...
⚠️  构建失败，等待 60 秒后重试... 10次剩余

[2026-04-15 15:22:11] 检查构建状态...
================================
📊 构建状态：
  - Run ID: 24441736313
  - Status: completed
  - Conclusion: failure
❌ 构建失败，尝试修复...
⚠️  构建失败，等待 60 秒后重试... 9次剩余

[2026-04-15 15:23:14] 检查构建状态...
================================
📊 构建状态：
  - Run ID: 24441736313
  - Status: completed
  - Conclusion: failure
❌ 构建失败，尝试修复...
⚠️  构建失败，等待 60 秒后重试... 8次剩余
